{"D:\\Documentos nuevos\\ESPE\\7mo semestre\\Distribuidas\\distribuidas visual\\Parking_Proyecto_final\\Parking_distribuidos\\asignaciones-service\\src\\app.module.ts": {"path":"D:\\Documentos nuevos\\ESPE\\7mo semestre\\Distribuidas\\distribuidas visual\\Parking_Proyecto_final\\Parking_distribuidos\\asignaciones-service\\src\\app.module.ts","statementMap":{"0":{"start":{"line":1,"column":0},"end":{"line":1,"column":40}},"1":{"start":{"line":2,"column":0},"end":{"line":2,"column":61}},"2":{"start":{"line":3,"column":0},"end":{"line":3,"column":48}},"3":{"start":{"line":4,"column":0},"end":{"line":4,"column":59}},"4":{"start":{"line":5,"column":0},"end":{"line":5,"column":72}},"5":{"start":{"line":28,"column":7},"end":{"line":28,"column":null}},"6":{"start":{"line":28,"column":13},"end":{"line":28,"column":22}},"7":{"start":{"line":28,"column":13},"end":{"line":28,"column":null}},"8":{"start":{"line":13,"column":46},"end":{"line":22,"column":8}}},"fnMap":{"0":{"name":"(anonymous_1)","decl":{"start":{"line":13,"column":18},"end":{"line":13,"column":19}},"loc":{"start":{"line":13,"column":46},"end":{"line":22,"column":8}}}},"branchMap":{},"s":{"0":0,"1":0,"2":0,"3":0,"4":0,"5":0,"6":0,"7":0,"8":0},"f":{"0":0},"b":{}}
,"D:\\Documentos nuevos\\ESPE\\7mo semestre\\Distribuidas\\distribuidas visual\\Parking_Proyecto_final\\Parking_distribuidos\\asignaciones-service\\src\\main.ts": {"path":"D:\\Documentos nuevos\\ESPE\\7mo semestre\\Distribuidas\\distribuidas visual\\Parking_Proyecto_final\\Parking_distribuidos\\asignaciones-service\\src\\main.ts","statementMap":{"0":{"start":{"line":1,"column":0},"end":{"line":1,"column":43}},"1":{"start":{"line":2,"column":0},"end":{"line":2,"column":48}},"2":{"start":{"line":3,"column":0},"end":{"line":3,"column":65}},"3":{"start":{"line":4,"column":0},"end":{"line":4,"column":41}},"4":{"start":{"line":7,"column":14},"end":{"line":7,"column":49}},"5":{"start":{"line":9,"column":2},"end":{"line":9,"column":79}},"6":{"start":{"line":11,"column":17},"end":{"line":16,"column":12}},"7":{"start":{"line":17,"column":19},"end":{"line":17,"column":60}},"8":{"start":{"line":18,"column":2},"end":{"line":18,"column":49}},"9":{"start":{"line":20,"column":2},"end":{"line":20,"column":45}},"10":{"start":{"line":21,"column":2},"end":{"line":21,"column":97}},"11":{"start":{"line":22,"column":2},"end":{"line":22,"column":80}},"12":{"start":{"line":24,"column":0},"end":{"line":24,"column":12}}},"fnMap":{"0":{"name":"bootstrap","decl":{"start":{"line":6,"column":15},"end":{"line":6,"column":24}},"loc":{"start":{"line":6,"column":24},"end":{"line":23,"column":1}}}},"branchMap":{"0":{"loc":{"start":{"line":20,"column":19},"end":{"line":20,"column":43}},"type":"binary-expr","locations":[{"start":{"line":20,"column":19},"end":{"line":20,"column":35}},{"start":{"line":20,"column":39},"end":{"line":20,"column":43}}]},"1":{"loc":{"start":{"line":21,"column":69},"end":{"line":21,"column":93}},"type":"binary-expr","locations":[{"start":{"line":21,"column":69},"end":{"line":21,"column":85}},{"start":{"line":21,"column":89},"end":{"line":21,"column":93}}]},"2":{"loc":{"start":{"line":22,"column":43},"end":{"line":22,"column":67}},"type":"binary-expr","locations":[{"start":{"line":22,"column":43},"end":{"line":22,"column":59}},{"start":{"line":22,"column":63},"end":{"line":22,"column":67}}]}},"s":{"0":0,"1":0,"2":0,"3":0,"4":0,"5":0,"6":0,"7":0,"8":0,"9":0,"10":0,"11":0,"12":0},"f":{"0":0},"b":{"0":[0,0],"1":[0,0],"2":[0,0]}}
,"D:\\Documentos nuevos\\ESPE\\7mo semestre\\Distribuidas\\distribuidas visual\\Parking_Proyecto_final\\Parking_distribuidos\\asignaciones-service\\src\\asignaciones\\asignaciones.controller.ts": {"path":"D:\\Documentos nuevos\\ESPE\\7mo semestre\\Distribuidas\\distribuidas visual\\Parking_Proyecto_final\\Parking_distribuidos\\asignaciones-service\\src\\asignaciones\\asignaciones.controller.ts","statementMap":{"0":{"start":{"line":1,"column":0},"end":{"line":1,"column":null}},"1":{"start":{"line":12,"column":0},"end":{"line":12,"column":79}},"2":{"start":{"line":13,"column":0},"end":{"line":13,"column":61}},"3":{"start":{"line":14,"column":0},"end":{"line":14,"column":66}},"4":{"start":{"line":15,"column":0},"end":{"line":15,"column":66}},"5":{"start":{"line":16,"column":0},"end":{"line":16,"column":75}},"6":{"start":{"line":17,"column":0},"end":{"line":17,"column":72}},"7":{"start":{"line":18,"column":0},"end":{"line":18,"column":60}},"8":{"start":{"line":22,"column":7},"end":{"line":94,"column":null}},"9":{"start":{"line":23,"column":31},"end":{"line":23,"column":40}},"10":{"start":{"line":30,"column":4},"end":{"line":30,"column":36}},"11":{"start":{"line":38,"column":4},"end":{"line":38,"column":46}},"12":{"start":{"line":46,"column":4},"end":{"line":46,"column":55}},"13":{"start":{"line":58,"column":4},"end":{"line":58,"column":51}},"14":{"start":{"line":69,"column":4},"end":{"line":69,"column":55}},"15":{"start":{"line":80,"column":4},"end":{"line":80,"column":50}},"16":{"start":{"line":92,"column":4},"end":{"line":92,"column":60}},"17":{"start":{"line":22,"column":13},"end":{"line":22,"column":35}},"18":{"start":{"line":29,"column":2},"end":{"line":31,"column":null}},"19":{"start":{"line":37,"column":2},"end":{"line":39,"column":null}},"20":{"start":{"line":45,"column":2},"end":{"line":47,"column":null}},"21":{"start":{"line":54,"column":2},"end":{"line":59,"column":null}},"22":{"start":{"line":64,"column":2},"end":{"line":70,"column":null}},"23":{"start":{"line":76,"column":2},"end":{"line":81,"column":null}},"24":{"start":{"line":88,"column":2},"end":{"line":93,"column":null}},"25":{"start":{"line":22,"column":13},"end":{"line":94,"column":null}}},"fnMap":{"0":{"name":"(anonymous_4)","decl":{"start":{"line":23,"column":2},"end":{"line":23,"column":31}},"loc":{"start":{"line":23,"column":59},"end":{"line":23,"column":63}}},"1":{"name":"(anonymous_5)","decl":{"start":{"line":29,"column":2},"end":{"line":29,"column":8}},"loc":{"start":{"line":29,"column":41},"end":{"line":31,"column":3}}},"2":{"name":"(anonymous_6)","decl":{"start":{"line":37,"column":2},"end":{"line":37,"column":21}},"loc":{"start":{"line":37,"column":21},"end":{"line":39,"column":3}}},"3":{"name":"(anonymous_7)","decl":{"start":{"line":45,"column":2},"end":{"line":45,"column":11}},"loc":{"start":{"line":45,"column":43},"end":{"line":47,"column":3}}},"4":{"name":"(anonymous_8)","decl":{"start":{"line":54,"column":2},"end":{"line":54,"column":9}},"loc":{"start":{"line":56,"column":41},"end":{"line":59,"column":3}}},"5":{"name":"(anonymous_9)","decl":{"start":{"line":64,"column":2},"end":{"line":64,"column":8}},"loc":{"start":{"line":67,"column":36},"end":{"line":70,"column":3}}},"6":{"name":"(anonymous_10)","decl":{"start":{"line":76,"column":2},"end":{"line":76,"column":8}},"loc":{"start":{"line":78,"column":41},"end":{"line":81,"column":3}}},"7":{"name":"(anonymous_11)","decl":{"start":{"line":88,"column":2},"end":{"line":88,"column":18}},"loc":{"start":{"line":90,"column":41},"end":{"line":93,"column":3}}}},"branchMap":{},"s":{"0":0,"1":0,"2":0,"3":0,"4":0,"5":0,"6":0,"7":0,"8":0,"9":0,"10":0,"11":0,"12":0,"13":0,"14":0,"15":0,"16":0,"17":0,"18":0,"19":0,"20":0,"21":0,"22":0,"23":0,"24":0,"25":0},"f":{"0":0,"1":0,"2":0,"3":0,"4":0,"5":0,"6":0,"7":0},"b":{}}
,"D:\\Documentos nuevos\\ESPE\\7mo semestre\\Distribuidas\\distribuidas visual\\Parking_Proyecto_final\\Parking_distribuidos\\asignaciones-service\\src\\asignaciones\\asignaciones.module.ts": {"path":"D:\\Documentos nuevos\\ESPE\\7mo semestre\\Distribuidas\\distribuidas visual\\Parking_Proyecto_final\\Parking_distribuidos\\asignaciones-service\\src\\asignaciones\\asignaciones.module.ts","statementMap":{"0":{"start":{"line":1,"column":0},"end":{"line":1,"column":40}},"1":{"start":{"line":2,"column":0},"end":{"line":2,"column":48}},"2":{"start":{"line":3,"column":0},"end":{"line":3,"column":75}},"3":{"start":{"line":4,"column":0},"end":{"line":4,"column":72}},"4":{"start":{"line":5,"column":0},"end":{"line":5,"column":67}},"5":{"start":{"line":6,"column":0},"end":{"line":6,"column":61}},"6":{"start":{"line":7,"column":0},"end":{"line":7,"column":73}},"7":{"start":{"line":8,"column":0},"end":{"line":8,"column":61}},"8":{"start":{"line":18,"column":7},"end":{"line":18,"column":null}},"9":{"start":{"line":18,"column":13},"end":{"line":18,"column":31}},"10":{"start":{"line":18,"column":13},"end":{"line":18,"column":null}}},"fnMap":{},"branchMap":{},"s":{"0":0,"1":0,"2":0,"3":0,"4":0,"5":0,"6":0,"7":0,"8":0,"9":0,"10":0},"f":{},"b":{}}
,"D:\\Documentos nuevos\\ESPE\\7mo semestre\\Distribuidas\\distribuidas visual\\Parking_Proyecto_final\\Parking_distribuidos\\asignaciones-service\\src\\asignaciones\\asignaciones.service.ts": {"path":"D:\\Documentos nuevos\\ESPE\\7mo semestre\\Distribuidas\\distribuidas visual\\Parking_Proyecto_final\\Parking_distribuidos\\asignaciones-service\\src\\asignaciones\\asignaciones.service.ts","statementMap":{"0":{"start":{"line":1,"column":0},"end":{"line":1,"column":null}},"1":{"start":{"line":6,"column":0},"end":{"line":6,"column":51}},"2":{"start":{"line":7,"column":0},"end":{"line":7,"column":37}},"3":{"start":{"line":8,"column":0},"end":{"line":8,"column":54}},"4":{"start":{"line":9,"column":0},"end":{"line":9,"column":75}},"5":{"start":{"line":10,"column":0},"end":{"line":10,"column":72}},"6":{"start":{"line":14,"column":0},"end":{"line":14,"column":61}},"7":{"start":{"line":15,"column":0},"end":{"line":15,"column":63}},"8":{"start":{"line":16,"column":0},"end":{"line":16,"column":null}},"9":{"start":{"line":24,"column":7},"end":{"line":152,"column":null}},"10":{"start":{"line":27,"column":21},"end":{"line":27,"column":37}},"11":{"start":{"line":29,"column":21},"end":{"line":29,"column":39}},"12":{"start":{"line":30,"column":21},"end":{"line":30,"column":37}},"13":{"start":{"line":31,"column":21},"end":{"line":31,"column":38}},"14":{"start":{"line":32,"column":21},"end":{"line":32,"column":35}},"15":{"start":{"line":37,"column":4},"end":{"line":37,"column":51}},"16":{"start":{"line":38,"column":4},"end":{"line":38,"column":55}},"17":{"start":{"line":41,"column":28},"end":{"line":43,"column":6}},"18":{"start":{"line":44,"column":4},"end":{"line":48,"column":5}},"19":{"start":{"line":45,"column":6},"end":{"line":47,"column":8}},"20":{"start":{"line":51,"column":22},"end":{"line":53,"column":6}},"21":{"start":{"line":54,"column":4},"end":{"line":56,"column":5}},"22":{"start":{"line":55,"column":6},"end":{"line":55,"column":84}},"23":{"start":{"line":58,"column":23},"end":{"line":63,"column":6}},"24":{"start":{"line":65,"column":21},"end":{"line":65,"column":63}},"25":{"start":{"line":68,"column":4},"end":{"line":68,"column":90}},"26":{"start":{"line":70,"column":4},"end":{"line":70,"column":20}},"27":{"start":{"line":75,"column":4},"end":{"line":75,"column":47}},"28":{"start":{"line":77,"column":25},"end":{"line":79,"column":6}},"29":{"start":{"line":81,"column":44},"end":{"line":95,"column":null}},"30":{"start":{"line":83,"column":18},"end":{"line":83,"column":66}},"31":{"start":{"line":84,"column":8},"end":{"line":94,"column":10}},"32":{"start":{"line":98,"column":4},"end":{"line":98,"column":67}},"33":{"start":{"line":102,"column":23},"end":{"line":104,"column":6}},"34":{"start":{"line":105,"column":4},"end":{"line":109,"column":5}},"35":{"start":{"line":106,"column":6},"end":{"line":108,"column":8}},"36":{"start":{"line":110,"column":4},"end":{"line":110,"column":22}},"37":{"start":{"line":118,"column":23},"end":{"line":118,"column":60}},"38":{"start":{"line":119,"column":21},"end":{"line":119,"column":38}},"39":{"start":{"line":121,"column":4},"end":{"line":121,"column":35}},"40":{"start":{"line":122,"column":24},"end":{"line":122,"column":66}},"41":{"start":{"line":124,"column":4},"end":{"line":127,"column":6}},"42":{"start":{"line":129,"column":4},"end":{"line":129,"column":23}},"43":{"start":{"line":133,"column":23},"end":{"line":133,"column":60}},"44":{"start":{"line":134,"column":4},"end":{"line":134,"column":49}},"45":{"start":{"line":136,"column":4},"end":{"line":139,"column":6}},"46":{"start":{"line":143,"column":4},"end":{"line":146,"column":7}},"47":{"start":{"line":150,"column":4},"end":{"line":150,"column":72}},"48":{"start":{"line":24,"column":13},"end":{"line":24,"column":32}},"49":{"start":{"line":24,"column":13},"end":{"line":152,"column":null}}},"fnMap":{"0":{"name":"(anonymous_4)","decl":{"start":{"line":25,"column":2},"end":{"line":25,"column":null}},"loc":{"start":{"line":32,"column":48},"end":{"line":33,"column":6}}},"1":{"name":"(anonymous_5)","decl":{"start":{"line":36,"column":2},"end":{"line":36,"column":7}},"loc":{"start":{"line":36,"column":39},"end":{"line":71,"column":3}}},"2":{"name":"(anonymous_6)","decl":{"start":{"line":74,"column":2},"end":{"line":74,"column":7}},"loc":{"start":{"line":74,"column":45},"end":{"line":99,"column":3}}},"3":{"name":"(anonymous_7)","decl":{"start":{"line":82,"column":23},"end":{"line":82,"column":28}},"loc":{"start":{"line":82,"column":35},"end":{"line":95,"column":7}}},"4":{"name":"(anonymous_8)","decl":{"start":{"line":101,"column":2},"end":{"line":101,"column":7}},"loc":{"start":{"line":101,"column":49},"end":{"line":111,"column":3}}},"5":{"name":"(anonymous_9)","decl":{"start":{"line":113,"column":2},"end":{"line":113,"column":7}},"loc":{"start":{"line":116,"column":28},"end":{"line":130,"column":3}}},"6":{"name":"(anonymous_10)","decl":{"start":{"line":132,"column":2},"end":{"line":132,"column":7}},"loc":{"start":{"line":132,"column":48},"end":{"line":140,"column":3}}},"7":{"name":"(anonymous_11)","decl":{"start":{"line":142,"column":2},"end":{"line":142,"column":7}},"loc":{"start":{"line":142,"column":58},"end":{"line":147,"column":3}}},"8":{"name":"(anonymous_12)","decl":{"start":{"line":149,"column":2},"end":{"line":149,"column":7}},"loc":{"start":{"line":149,"column":27},"end":{"line":151,"column":3}}}},"branchMap":{"0":{"loc":{"start":{"line":44,"column":4},"end":{"line":48,"column":5}},"type":"if","locations":[{"start":{"line":44,"column":4},"end":{"line":48,"column":5}}]},"1":{"loc":{"start":{"line":54,"column":4},"end":{"line":56,"column":5}},"type":"if","locations":[{"start":{"line":54,"column":4},"end":{"line":56,"column":5}}]},"2":{"loc":{"start":{"line":87,"column":16},"end":{"line":87,"column":58}},"type":"binary-expr","locations":[{"start":{"line":87,"column":16},"end":{"line":87,"column":22}},{"start":{"line":87,"column":26},"end":{"line":87,"column":41}},{"start":{"line":87,"column":45},"end":{"line":87,"column":58}}]},"3":{"loc":{"start":{"line":88,"column":21},"end":{"line":88,"column":68}},"type":"binary-expr","locations":[{"start":{"line":88,"column":21},"end":{"line":88,"column":36}},{"start":{"line":88,"column":40},"end":{"line":88,"column":51}},{"start":{"line":88,"column":55},"end":{"line":88,"column":68}}]},"4":{"loc":{"start":{"line":105,"column":4},"end":{"line":109,"column":5}},"type":"if","locations":[{"start":{"line":105,"column":4},"end":{"line":109,"column":5}}]}},"s":{"0":1,"1":1,"2":1,"3":1,"4":1,"5":1,"6":1,"7":1,"8":1,"9":1,"10":9,"11":9,"12":9,"13":9,"14":9,"15":3,"16":3,"17":3,"18":3,"19":1,"20":2,"21":2,"22":1,"23":1,"24":1,"25":1,"26":1,"27":1,"28":1,"29":1,"30":1,"31":1,"32":1,"33":4,"34":4,"35":1,"36":3,"37":1,"38":1,"39":1,"40":1,"41":1,"42":1,"43":1,"44":1,"45":1,"46":1,"47":0,"48":1,"49":1},"f":{"0":9,"1":3,"2":1,"3":1,"4":4,"5":1,"6":1,"7":1,"8":0},"b":{"0":[1],"1":[1],"2":[1,1,1],"3":[1,0,0],"4":[1]}}
,"D:\\Documentos nuevos\\ESPE\\7mo semestre\\Distribuidas\\distribuidas visual\\Parking_Proyecto_final\\Parking_distribuidos\\asignaciones-service\\src\\asignaciones\\dto\\create-asignacion.dto.ts": {"path":"D:\\Documentos nuevos\\ESPE\\7mo semestre\\Distribuidas\\distribuidas visual\\Parking_Proyecto_final\\Parking_distribuidos\\asignaciones-service\\src\\asignaciones\\dto\\create-asignacion.dto.ts","statementMap":{"0":{"start":{"line":1,"column":0},"end":{"line":1,"column":46}},"1":{"start":{"line":2,"column":0},"end":{"line":2,"column":55}},"2":{"start":{"line":4,"column":0},"end":{"line":4,"column":13}},"3":{"start":{"line":8,"column":2},"end":{"line":8,"column":null}},"4":{"start":{"line":13,"column":2},"end":{"line":13,"column":null}}},"fnMap":{},"branchMap":{},"s":{"0":0,"1":0,"2":0,"3":0,"4":0},"f":{},"b":{}}
,"D:\\Documentos nuevos\\ESPE\\7mo semestre\\Distribuidas\\distribuidas visual\\Parking_Proyecto_final\\Parking_distribuidos\\asignaciones-service\\src\\asignaciones\\dto\\flota-response.dto.ts": {"path":"D:\\Documentos nuevos\\ESPE\\7mo semestre\\Distribuidas\\distribuidas visual\\Parking_Proyecto_final\\Parking_distribuidos\\asignaciones-service\\src\\asignaciones\\dto\\flota-response.dto.ts","statementMap":{"0":{"start":{"line":1,"column":0},"end":{"line":1,"column":46}},"1":{"start":{"line":3,"column":0},"end":{"line":3,"column":13}},"2":{"start":{"line":4,"column":17},"end":{"line":4,"column":null}},"3":{"start":{"line":5,"column":17},"end":{"line":5,"column":null}},"4":{"start":{"line":6,"column":70},"end":{"line":6,"column":null}},"5":{"start":{"line":7,"column":94},"end":{"line":7,"column":null}},"6":{"start":{"line":8,"column":17},"end":{"line":8,"column":null}},"7":{"start":{"line":9,"column":17},"end":{"line":9,"column":null}},"8":{"start":{"line":10,"column":17},"end":{"line":10,"column":null}},"9":{"start":{"line":11,"column":17},"end":{"line":11,"column":null}},"10":{"start":{"line":12,"column":17},"end":{"line":12,"column":null}},"11":{"start":{"line":15,"column":0},"end":{"line":15,"column":13}},"12":{"start":{"line":16,"column":17},"end":{"line":16,"column":null}},"13":{"start":{"line":17,"column":17},"end":{"line":17,"column":null}},"14":{"start":{"line":18,"column":47},"end":{"line":18,"column":null}}},"fnMap":{},"branchMap":{},"s":{"0":0,"1":0,"2":0,"3":0,"4":0,"5":0,"6":0,"7":0,"8":0,"9":0,"10":0,"11":0,"12":0,"13":0,"14":0},"f":{},"b":{}}
,"D:\\Documentos nuevos\\ESPE\\7mo semestre\\Distribuidas\\distribuidas visual\\Parking_Proyecto_final\\Parking_distribuidos\\asignaciones-service\\src\\asignaciones\\dto\\update-asignacion.dto.ts": {"path":"D:\\Documentos nuevos\\ESPE\\7mo semestre\\Distribuidas\\distribuidas visual\\Parking_Proyecto_final\\Parking_distribuidos\\asignaciones-service\\src\\asignaciones\\dto\\update-asignacion.dto.ts","statementMap":{"0":{"start":{"line":1,"column":0},"end":{"line":1,"column":54}},"1":{"start":{"line":2,"column":0},"end":{"line":2,"column":56}},"2":{"start":{"line":4,"column":0},"end":{"line":4,"column":13}},"3":{"start":{"line":8,"column":2},"end":{"line":8,"column":null}}},"fnMap":{},"branchMap":{},"s":{"0":0,"1":0,"2":0,"3":0},"f":{},"b":{}}
,"D:\\Documentos nuevos\\ESPE\\7mo semestre\\Distribuidas\\distribuidas visual\\Parking_Proyecto_final\\Parking_distribuidos\\asignaciones-service\\src\\asignaciones\\entities\\asignacion-vehiculo.entity.ts": {"path":"D:\\Documentos nuevos\\ESPE\\7mo semestre\\Distribuidas\\distribuidas visual\\Parking_Proyecto_final\\Parking_distribuidos\\asignaciones-service\\src\\asignaciones\\entities\\asignacion-vehiculo.entity.ts","statementMap":{"0":{"start":{"line":1,"column":0},"end":{"line":1,"column":null}},"1":{"start":{"line":8,"column":0},"end":{"line":8,"column":46}},"2":{"start":{"line":15,"column":7},"end":{"line":37,"column":null}},"3":{"start":{"line":15,"column":13},"end":{"line":15,"column":31}},"4":{"start":{"line":18,"column":2},"end":{"line":18,"column":null}},"5":{"start":{"line":22,"column":2},"end":{"line":22,"column":null}},"6":{"start":{"line":26,"column":2},"end":{"line":26,"column":null}},"7":{"start":{"line":30,"column":2},"end":{"line":30,"column":null}},"8":{"start":{"line":29,"column":74},"end":{"line":29,"column":93}},"9":{"start":{"line":33,"column":2},"end":{"line":33,"column":null}},"10":{"start":{"line":36,"column":2},"end":{"line":36,"column":null}},"11":{"start":{"line":15,"column":13},"end":{"line":37,"column":null}}},"fnMap":{"0":{"name":"(anonymous_2)","decl":{"start":{"line":29,"column":68},"end":{"line":29,"column":71}},"loc":{"start":{"line":29,"column":74},"end":{"line":29,"column":93}}}},"branchMap":{},"s":{"0":1,"1":1,"2":1,"3":1,"4":1,"5":1,"6":1,"7":1,"8":0,"9":1,"10":1,"11":1},"f":{"0":0},"b":{}}
,"D:\\Documentos nuevos\\ESPE\\7mo semestre\\Distribuidas\\distribuidas visual\\Parking_Proyecto_final\\Parking_distribuidos\\asignaciones-service\\src\\asignaciones\\entities\\trazabilidad.entity.ts": {"path":"D:\\Documentos nuevos\\ESPE\\7mo semestre\\Distribuidas\\distribuidas visual\\Parking_Proyecto_final\\Parking_distribuidos\\asignaciones-service\\src\\asignaciones\\entities\\trazabilidad.entity.ts","statementMap":{"0":{"start":{"line":1,"column":0},"end":{"line":1,"column":null}},"1":{"start":{"line":7,"column":0},"end":{"line":7,"column":46}},"2":{"start":{"line":9,"column":0},"end":{"line":9,"column":null}},"3":{"start":{"line":10,"column":2},"end":{"line":10,"column":null}},"4":{"start":{"line":11,"column":2},"end":{"line":11,"column":null}},"5":{"start":{"line":12,"column":2},"end":{"line":12,"column":null}},"6":{"start":{"line":20,"column":7},"end":{"line":48,"column":null}},"7":{"start":{"line":20,"column":13},"end":{"line":20,"column":35}},"8":{"start":{"line":23,"column":2},"end":{"line":23,"column":null}},"9":{"start":{"line":27,"column":2},"end":{"line":27,"column":null}},"10":{"start":{"line":31,"column":2},"end":{"line":31,"column":null}},"11":{"start":{"line":35,"column":2},"end":{"line":35,"column":null}},"12":{"start":{"line":39,"column":2},"end":{"line":39,"column":null}},"13":{"start":{"line":43,"column":2},"end":{"line":43,"column":null}},"14":{"start":{"line":47,"column":2},"end":{"line":47,"column":null}},"15":{"start":{"line":20,"column":13},"end":{"line":48,"column":null}}},"fnMap":{"0":{"name":"(anonymous_2)","decl":{"start":{"line":9,"column":0},"end":{"line":9,"column":12}},"loc":{"start":{"line":9,"column":22},"end":{"line":13,"column":1}}}},"branchMap":{"0":{"loc":{"start":{"line":9,"column":12},"end":{"line":9,"column":null}},"type":"binary-expr","locations":[{"start":{"line":9,"column":12},"end":{"line":9,"column":22}},{"start":{"line":9,"column":22},"end":{"line":9,"column":null}}]}},"s":{"0":1,"1":1,"2":1,"3":1,"4":1,"5":1,"6":1,"7":1,"8":1,"9":1,"10":1,"11":1,"12":1,"13":1,"14":1,"15":1},"f":{"0":1},"b":{"0":[1,1]}}
,"D:\\Documentos nuevos\\ESPE\\7mo semestre\\Distribuidas\\distribuidas visual\\Parking_Proyecto_final\\Parking_distribuidos\\asignaciones-service\\src\\asignaciones\\events\\asignacion.events.ts": {"path":"D:\\Documentos nuevos\\ESPE\\7mo semestre\\Distribuidas\\distribuidas visual\\Parking_Proyecto_final\\Parking_distribuidos\\asignaciones-service\\src\\asignaciones\\events\\asignacion.events.ts","statementMap":{"0":{"start":{"line":3,"column":13},"end":{"line":7,"column":11}},"1":{"start":{"line":10,"column":30},"end":{"line":10,"column":60}},"2":{"start":{"line":9,"column":0},"end":{"line":9,"column":13}},"3":{"start":{"line":15,"column":20},"end":{"line":15,"column":57}},"4":{"start":{"line":16,"column":20},"end":{"line":16,"column":45}},"5":{"start":{"line":13,"column":0},"end":{"line":13,"column":13}},"6":{"start":{"line":21,"column":30},"end":{"line":21,"column":60}},"7":{"start":{"line":20,"column":0},"end":{"line":20,"column":13}}},"fnMap":{"0":{"name":"(anonymous_0)","decl":{"start":{"line":10,"column":2},"end":{"line":10,"column":30}},"loc":{"start":{"line":10,"column":60},"end":{"line":10,"column":64}}},"1":{"name":"(anonymous_1)","decl":{"start":{"line":14,"column":2},"end":{"line":14,"column":null}},"loc":{"start":{"line":16,"column":45},"end":{"line":17,"column":6}}},"2":{"name":"(anonymous_2)","decl":{"start":{"line":21,"column":2},"end":{"line":21,"column":30}},"loc":{"start":{"line":21,"column":60},"end":{"line":21,"column":64}}}},"branchMap":{},"s":{"0":1,"1":1,"2":1,"3":1,"4":1,"5":1,"6":1,"7":1},"f":{"0":1,"1":1,"2":1},"b":{}}
,"D:\\Documentos nuevos\\ESPE\\7mo semestre\\Distribuidas\\distribuidas visual\\Parking_Proyecto_final\\Parking_distribuidos\\asignaciones-service\\src\\asignaciones\\listeners\\trazabilidad.listener.ts": {"path":"D:\\Documentos nuevos\\ESPE\\7mo semestre\\Distribuidas\\distribuidas visual\\Parking_Proyecto_final\\Parking_distribuidos\\asignaciones-service\\src\\asignaciones\\listeners\\trazabilidad.listener.ts","statementMap":{"0":{"start":{"line":1,"column":0},"end":{"line":1,"column":44}},"1":{"start":{"line":2,"column":0},"end":{"line":2,"column":48}},"2":{"start":{"line":3,"column":0},"end":{"line":3,"column":51}},"3":{"start":{"line":4,"column":0},"end":{"line":4,"column":37}},"4":{"start":{"line":5,"column":0},"end":{"line":5,"column":85}},"5":{"start":{"line":6,"column":0},"end":{"line":6,"column":null}},"6":{"start":{"line":19,"column":7},"end":{"line":60,"column":null}},"7":{"start":{"line":22,"column":21},"end":{"line":22,"column":27}},"8":{"start":{"line":27,"column":4},"end":{"line":34,"column":7}},"9":{"start":{"line":39,"column":4},"end":{"line":46,"column":7}},"10":{"start":{"line":51,"column":4},"end":{"line":58,"column":7}},"11":{"start":{"line":19,"column":13},"end":{"line":19,"column":33}},"12":{"start":{"line":26,"column":8},"end":{"line":35,"column":null}},"13":{"start":{"line":38,"column":8},"end":{"line":47,"column":null}},"14":{"start":{"line":50,"column":8},"end":{"line":59,"column":null}},"15":{"start":{"line":19,"column":13},"end":{"line":60,"column":null}}},"fnMap":{"0":{"name":"(anonymous_4)","decl":{"start":{"line":20,"column":2},"end":{"line":20,"column":null}},"loc":{"start":{"line":22,"column":61},"end":{"line":23,"column":6}}},"1":{"name":"(anonymous_5)","decl":{"start":{"line":26,"column":2},"end":{"line":26,"column":7}},"loc":{"start":{"line":26,"column":45},"end":{"line":35,"column":3}}},"2":{"name":"(anonymous_6)","decl":{"start":{"line":38,"column":2},"end":{"line":38,"column":7}},"loc":{"start":{"line":38,"column":53},"end":{"line":47,"column":3}}},"3":{"name":"(anonymous_7)","decl":{"start":{"line":50,"column":2},"end":{"line":50,"column":7}},"loc":{"start":{"line":50,"column":51},"end":{"line":59,"column":3}}}},"branchMap":{},"s":{"0":0,"1":0,"2":0,"3":0,"4":0,"5":0,"6":0,"7":0,"8":0,"9":0,"10":0,"11":0,"12":0,"13":0,"14":0,"15":0},"f":{"0":0,"1":0,"2":0,"3":0},"b":{}}
,"D:\\Documentos nuevos\\ESPE\\7mo semestre\\Distribuidas\\distribuidas visual\\Parking_Proyecto_final\\Parking_distribuidos\\asignaciones-service\\src\\external\\external.module.ts": {"path":"D:\\Documentos nuevos\\ESPE\\7mo semestre\\Distribuidas\\distribuidas visual\\Parking_Proyecto_final\\Parking_distribuidos\\asignaciones-service\\src\\external\\external.module.ts","statementMap":{"0":{"start":{"line":1,"column":0},"end":{"line":1,"column":40}},"1":{"start":{"line":2,"column":0},"end":{"line":2,"column":43}},"2":{"start":{"line":3,"column":0},"end":{"line":3,"column":51}},"3":{"start":{"line":4,"column":0},"end":{"line":4,"column":53}},"4":{"start":{"line":11,"column":7},"end":{"line":11,"column":null}},"5":{"start":{"line":11,"column":13},"end":{"line":11,"column":27}},"6":{"start":{"line":11,"column":13},"end":{"line":11,"column":null}}},"fnMap":{},"branchMap":{},"s":{"0":0,"1":0,"2":0,"3":0,"4":0,"5":0,"6":0},"f":{},"b":{}}
,"D:\\Documentos nuevos\\ESPE\\7mo semestre\\Distribuidas\\distribuidas visual\\Parking_Proyecto_final\\Parking_distribuidos\\asignaciones-service\\src\\external\\personas.client.ts": {"path":"D:\\Documentos nuevos\\ESPE\\7mo semestre\\Distribuidas\\distribuidas visual\\Parking_Proyecto_final\\Parking_distribuidos\\asignaciones-service\\src\\external\\personas.client.ts","statementMap":{"0":{"start":{"line":1,"column":0},"end":{"line":1,"column":71}},"1":{"start":{"line":2,"column":0},"end":{"line":2,"column":44}},"2":{"start":{"line":3,"column":0},"end":{"line":3,"column":47}},"3":{"start":{"line":4,"column":0},"end":{"line":4,"column":38}},"4":{"start":{"line":7,"column":7},"end":{"line":30,"column":null}},"5":{"start":{"line":11,"column":21},"end":{"line":11,"column":27}},"6":{"start":{"line":12,"column":21},"end":{"line":12,"column":29}},"7":{"start":{"line":14,"column":4},"end":{"line":14,"column":92}},"8":{"start":{"line":18,"column":4},"end":{"line":28,"column":5}},"9":{"start":{"line":19,"column":23},"end":{"line":20,"column":null}},"10":{"start":{"line":22,"column":6},"end":{"line":22,"column":18}},"11":{"start":{"line":24,"column":6},"end":{"line":27,"column":8}},"12":{"start":{"line":7,"column":13},"end":{"line":7,"column":27}},"13":{"start":{"line":7,"column":13},"end":{"line":30,"column":null}}},"fnMap":{"0":{"name":"(anonymous_2)","decl":{"start":{"line":10,"column":2},"end":{"line":10,"column":null}},"loc":{"start":{"line":12,"column":42},"end":{"line":15,"column":3}}},"1":{"name":"(anonymous_3)","decl":{"start":{"line":17,"column":2},"end":{"line":17,"column":7}},"loc":{"start":{"line":17,"column":31},"end":{"line":29,"column":3}}}},"branchMap":{},"s":{"0":1,"1":1,"2":1,"3":1,"4":1,"5":0,"6":0,"7":0,"8":0,"9":0,"10":0,"11":0,"12":1,"13":1},"f":{"0":0,"1":0},"b":{}}
,"D:\\Documentos nuevos\\ESPE\\7mo semestre\\Distribuidas\\distribuidas visual\\Parking_Proyecto_final\\Parking_distribuidos\\asignaciones-service\\src\\external\\vehiculos.client.ts": {"path":"D:\\Documentos nuevos\\ESPE\\7mo semestre\\Distribuidas\\distribuidas visual\\Parking_Proyecto_final\\Parking_distribuidos\\asignaciones-service\\src\\external\\vehiculos.client.ts","statementMap":{"0":{"start":{"line":1,"column":0},"end":{"line":1,"column":71}},"1":{"start":{"line":2,"column":0},"end":{"line":2,"column":44}},"2":{"start":{"line":3,"column":0},"end":{"line":3,"column":47}},"3":{"start":{"line":4,"column":0},"end":{"line":4,"column":38}},"4":{"start":{"line":7,"column":7},"end":{"line":30,"column":null}},"5":{"start":{"line":11,"column":21},"end":{"line":11,"column":27}},"6":{"start":{"line":12,"column":21},"end":{"line":12,"column":29}},"7":{"start":{"line":14,"column":4},"end":{"line":14,"column":93}},"8":{"start":{"line":18,"column":4},"end":{"line":28,"column":5}},"9":{"start":{"line":19,"column":23},"end":{"line":20,"column":null}},"10":{"start":{"line":22,"column":6},"end":{"line":22,"column":18}},"11":{"start":{"line":24,"column":6},"end":{"line":27,"column":8}},"12":{"start":{"line":7,"column":13},"end":{"line":7,"column":28}},"13":{"start":{"line":7,"column":13},"end":{"line":30,"column":null}}},"fnMap":{"0":{"name":"(anonymous_2)","decl":{"start":{"line":10,"column":2},"end":{"line":10,"column":null}},"loc":{"start":{"line":12,"column":42},"end":{"line":15,"column":3}}},"1":{"name":"(anonymous_3)","decl":{"start":{"line":17,"column":2},"end":{"line":17,"column":7}},"loc":{"start":{"line":17,"column":34},"end":{"line":29,"column":3}}}},"branchMap":{},"s":{"0":1,"1":1,"2":1,"3":1,"4":1,"5":0,"6":0,"7":0,"8":0,"9":0,"10":0,"11":0,"12":1,"13":1},"f":{"0":0,"1":0},"b":{}}
}
