TN:
SF:src\app.module.ts
FN:13,(anonymous_1)
FNF:1
FNH:0
FNDA:0,(anonymous_1)
DA:1,0
DA:2,0
DA:3,0
DA:4,0
DA:5,0
DA:13,0
DA:28,0
LF:7
LH:0
BRF:0
BRH:0
end_of_record
TN:
SF:src\main.ts
FN:6,bootstrap
FNF:1
FNH:0
FNDA:0,bootstrap
DA:1,0
DA:2,0
DA:3,0
DA:4,0
DA:7,0
DA:9,0
DA:11,0
DA:17,0
DA:18,0
DA:20,0
DA:21,0
DA:22,0
DA:24,0
LF:13
LH:0
BRDA:20,0,0,0
BRDA:20,0,1,0
BRDA:21,1,0,0
BRDA:21,1,1,0
BRDA:22,2,0,0
BRDA:22,2,1,0
BRF:6
BRH:0
end_of_record
TN:
SF:src\asignaciones\asignaciones.controller.ts
FN:23,(anonymous_4)
FN:29,(anonymous_5)
FN:37,(anonymous_6)
FN:45,(anonymous_7)
FN:54,(anonymous_8)
FN:64,(anonymous_9)
FN:76,(anonymous_10)
FN:88,(anonymous_11)
FNF:8
FNH:0
FNDA:0,(anonymous_4)
FNDA:0,(anonymous_5)
FNDA:0,(anonymous_6)
FNDA:0,(anonymous_7)
FNDA:0,(anonymous_8)
FNDA:0,(anonymous_9)
FNDA:0,(anonymous_10)
FNDA:0,(anonymous_11)
DA:1,0
DA:12,0
DA:13,0
DA:14,0
DA:15,0
DA:16,0
DA:17,0
DA:18,0
DA:22,0
DA:23,0
DA:29,0
DA:30,0
DA:37,0
DA:38,0
DA:45,0
DA:46,0
DA:54,0
DA:58,0
DA:64,0
DA:69,0
DA:76,0
DA:80,0
DA:88,0
DA:92,0
LF:24
LH:0
BRF:0
BRH:0
end_of_record
TN:
SF:src\asignaciones\asignaciones.module.ts
FNF:0
FNH:0
DA:1,0
DA:2,0
DA:3,0
DA:4,0
DA:5,0
DA:6,0
DA:7,0
DA:8,0
DA:18,0
LF:9
LH:0
BRF:0
BRH:0
end_of_record
TN:
SF:src\asignaciones\asignaciones.service.ts
FN:25,(anonymous_4)
FN:36,(anonymous_5)
FN:74,(anonymous_6)
FN:82,(anonymous_7)
FN:101,(anonymous_8)
FN:113,(anonymous_9)
FN:132,(anonymous_10)
FN:142,(anonymous_11)
FN:149,(anonymous_12)
FNF:9
FNH:8
FNDA:9,(anonymous_4)
FNDA:3,(anonymous_5)
FNDA:1,(anonymous_6)
FNDA:1,(anonymous_7)
FNDA:4,(anonymous_8)
FNDA:1,(anonymous_9)
FNDA:1,(anonymous_10)
FNDA:1,(anonymous_11)
FNDA:0,(anonymous_12)
DA:1,1
DA:6,1
DA:7,1
DA:8,1
DA:9,1
DA:10,1
DA:14,1
DA:15,1
DA:16,1
DA:24,1
DA:27,9
DA:29,9
DA:30,9
DA:31,9
DA:32,9
DA:37,3
DA:38,3
DA:41,3
DA:44,3
DA:45,1
DA:51,2
DA:54,2
DA:55,1
DA:58,1
DA:65,1
DA:68,1
DA:70,1
DA:75,1
DA:77,1
DA:81,1
DA:83,1
DA:84,1
DA:98,1
DA:102,4
DA:105,4
DA:106,1
DA:110,3
DA:118,1
DA:119,1
DA:121,1
DA:122,1
DA:124,1
DA:129,1
DA:133,1
DA:134,1
DA:136,1
DA:143,1
DA:150,0
LF:48
LH:47
BRDA:44,0,0,1
BRDA:54,1,0,1
BRDA:87,2,0,1
BRDA:87,2,1,1
BRDA:87,2,2,1
BRDA:88,3,0,1
BRDA:88,3,1,0
BRDA:88,3,2,0
BRDA:105,4,0,1
BRF:9
BRH:7
end_of_record
TN:
SF:src\asignaciones\dto\create-asignacion.dto.ts
FNF:0
FNH:0
DA:1,0
DA:2,0
DA:4,0
DA:8,0
DA:13,0
LF:5
LH:0
BRF:0
BRH:0
end_of_record
TN:
SF:src\asignaciones\dto\flota-response.dto.ts
FNF:0
FNH:0
DA:1,0
DA:3,0
DA:4,0
DA:5,0
DA:6,0
DA:7,0
DA:8,0
DA:9,0
DA:10,0
DA:11,0
DA:12,0
DA:15,0
DA:16,0
DA:17,0
DA:18,0
LF:15
LH:0
BRF:0
BRH:0
end_of_record
TN:
SF:src\asignaciones\dto\update-asignacion.dto.ts
FNF:0
FNH:0
DA:1,0
DA:2,0
DA:4,0
DA:8,0
LF:4
LH:0
BRF:0
BRH:0
end_of_record
TN:
SF:src\asignaciones\entities\asignacion-vehiculo.entity.ts
FN:29,(anonymous_2)
FNF:1
FNH:0
FNDA:0,(anonymous_2)
DA:1,1
DA:8,1
DA:15,1
DA:18,1
DA:22,1
DA:26,1
DA:29,0
DA:30,1
DA:33,1
DA:36,1
LF:10
LH:9
BRF:0
BRH:0
end_of_record
TN:
SF:src\asignaciones\entities\trazabilidad.entity.ts
FN:9,(anonymous_2)
FNF:1
FNH:1
FNDA:1,(anonymous_2)
DA:1,1
DA:7,1
DA:9,1
DA:10,1
DA:11,1
DA:12,1
DA:20,1
DA:23,1
DA:27,1
DA:31,1
DA:35,1
DA:39,1
DA:43,1
DA:47,1
LF:14
LH:14
BRDA:9,0,0,1
BRDA:9,0,1,1
BRF:2
BRH:2
end_of_record
TN:
SF:src\asignaciones\events\asignacion.events.ts
FN:10,(anonymous_0)
FN:14,(anonymous_1)
FN:21,(anonymous_2)
FNF:3
FNH:3
FNDA:1,(anonymous_0)
FNDA:1,(anonymous_1)
FNDA:1,(anonymous_2)
DA:3,1
DA:9,1
DA:10,1
DA:13,1
DA:15,1
DA:16,1
DA:20,1
DA:21,1
LF:8
LH:8
BRF:0
BRH:0
end_of_record
TN:
SF:src\asignaciones\listeners\trazabilidad.listener.ts
FN:20,(anonymous_4)
FN:26,(anonymous_5)
FN:38,(anonymous_6)
FN:50,(anonymous_7)
FNF:4
FNH:0
FNDA:0,(anonymous_4)
FNDA:0,(anonymous_5)
FNDA:0,(anonymous_6)
FNDA:0,(anonymous_7)
DA:1,0
DA:2,0
DA:3,0
DA:4,0
DA:5,0
DA:6,0
DA:19,0
DA:22,0
DA:26,0
DA:27,0
DA:38,0
DA:39,0
DA:50,0
DA:51,0
LF:14
LH:0
BRF:0
BRH:0
end_of_record
TN:
SF:src\external\external.module.ts
FNF:0
FNH:0
DA:1,0
DA:2,0
DA:3,0
DA:4,0
DA:11,0
LF:5
LH:0
BRF:0
BRH:0
end_of_record
TN:
SF:src\external\personas.client.ts
FN:10,(anonymous_2)
FN:17,(anonymous_3)
FNF:2
FNH:0
FNDA:0,(anonymous_2)
FNDA:0,(anonymous_3)
DA:1,1
DA:2,1
DA:3,1
DA:4,1
DA:7,1
DA:11,0
DA:12,0
DA:14,0
DA:18,0
DA:19,0
DA:22,0
DA:24,0
LF:12
LH:5
BRF:0
BRH:0
end_of_record
TN:
SF:src\external\vehiculos.client.ts
FN:10,(anonymous_2)
FN:17,(anonymous_3)
FNF:2
FNH:0
FNDA:0,(anonymous_2)
FNDA:0,(anonymous_3)
DA:1,1
DA:2,1
DA:3,1
DA:4,1
DA:7,1
DA:11,0
DA:12,0
DA:14,0
DA:18,0
DA:19,0
DA:22,0
DA:24,0
LF:12
LH:5
BRF:0
BRH:0
end_of_record
